2016-05-11 10:41:56,516 [Worker-4] INFO  o.e.m.c.i.l.LifecycleMappingFactory - Using org.maven.ide.eclipse.wtp.WarLifecycleMapping lifecycle mapping for MavenProject: com.ruixue:rmr-client:0.0.1 @ F:\dubbo_u\rmr-client\pom.xml.
2016-05-11 10:41:56,654 [Worker-4] WARN  o.e.m.c.i.embedder.EclipseLogger - The POM for com.alibaba:dubbo:jar:2.5.4 is missing, no dependency information available
2016-05-11 10:41:58,297 [Worker-4] WARN  o.e.m.c.i.embedder.EclipseLogger - The POM for com.dubbo.test:rmr-core:jar:0.0.1-SNAPSHOT is missing, no dependency information available
2016-05-11 10:41:59,682 [Worker-4] WARN  o.e.m.c.i.embedder.EclipseLogger - The POM for com.alibaba:dubbo:jar:2.5.4 is missing, no dependency information available
2016-05-11 10:41:59,855 [Worker-4] WARN  o.e.m.c.i.embedder.EclipseLogger - The POM for com.dubbo.test:rmr-core:jar:0.0.1-SNAPSHOT is missing, no dependency information available
2016-05-11 10:42:01,929 [Worker-4] INFO  o.e.m.j.i.AbstractJavaProjectConfigurator - Adding source folder /rmr-client/src/main/java
2016-05-11 10:42:01,929 [Worker-4] INFO  o.e.m.j.i.AbstractJavaProjectConfigurator - Adding resource folder /rmr-client/src/main/resources
2016-05-11 10:42:01,930 [Worker-4] INFO  o.e.m.j.i.AbstractJavaProjectConfigurator - Adding source folder /rmr-client/src/test/java
2016-05-11 10:42:01,930 [Worker-4] INFO  o.e.m.j.i.AbstractJavaProjectConfigurator - Adding resource folder /rmr-client/src/test/resources
2016-05-11 10:42:02,362 [Worker-4] ERROR o.e.m2e.wtp.WTPProjectConfigurator - Unable to configure rmr-client
org.eclipse.m2e.wtp.MarkedException: Unable to configure rmr-client
	at org.eclipse.m2e.wtp.AbstractProjectConfiguratorDelegate.configureProject(AbstractProjectConfiguratorDelegate.java:98) ~[na:na]
	at org.eclipse.m2e.wtp.WTPProjectConfigurator.configure(WTPProjectConfigurator.java:71) ~[na:na]
	at org.eclipse.m2e.core.project.configurator.AbstractLifecycleMapping.configure(AbstractLifecycleMapping.java:120) [org.eclipse.m2e.core_1.6.2.20150902-0002.jar:na]
	at org.eclipse.m2e.core.internal.project.ProjectConfigurationManager$3.call(ProjectConfigurationManager.java:501) [org.eclipse.m2e.core_1.6.2.20150902-0002.jar:na]
	at org.eclipse.m2e.core.internal.project.ProjectConfigurationManager$3.call(ProjectConfigurationManager.java:1) [org.eclipse.m2e.core_1.6.2.20150902-0002.jar:na]
	at org.eclipse.m2e.core.internal.embedder.MavenExecutionContext.executeBare(MavenExecutionContext.java:176) [org.eclipse.m2e.core_1.6.2.20150902-0002.jar:na]
	at org.eclipse.m2e.core.internal.embedder.MavenExecutionContext.execute(MavenExecutionContext.java:151) [org.eclipse.m2e.core_1.6.2.20150902-0002.jar:na]
	at org.eclipse.m2e.core.internal.project.ProjectConfigurationManager.updateProjectConfiguration(ProjectConfigurationManager.java:494) [org.eclipse.m2e.core_1.6.2.20150902-0002.jar:na]
	at org.eclipse.m2e.core.internal.project.ProjectConfigurationManager.configureNewMavenProjects(ProjectConfigurationManager.java:281) [org.eclipse.m2e.core_1.6.2.20150902-0002.jar:na]
	at org.eclipse.m2e.core.internal.project.ProjectConfigurationManager$1.call(ProjectConfigurationManager.java:168) [org.eclipse.m2e.core_1.6.2.20150902-0002.jar:na]
	at org.eclipse.m2e.core.internal.project.ProjectConfigurationManager$1.call(ProjectConfigurationManager.java:1) [org.eclipse.m2e.core_1.6.2.20150902-0002.jar:na]
	at org.eclipse.m2e.core.internal.embedder.MavenExecutionContext.executeBare(MavenExecutionContext.java:176) [org.eclipse.m2e.core_1.6.2.20150902-0002.jar:na]
	at org.eclipse.m2e.core.internal.embedder.MavenExecutionContext.execute(MavenExecutionContext.java:151) [org.eclipse.m2e.core_1.6.2.20150902-0002.jar:na]
	at org.eclipse.m2e.core.internal.embedder.MavenExecutionContext.execute(MavenExecutionContext.java:99) [org.eclipse.m2e.core_1.6.2.20150902-0002.jar:na]
	at org.eclipse.m2e.core.internal.embedder.MavenImpl.execute(MavenImpl.java:1355) [org.eclipse.m2e.core_1.6.2.20150902-0002.jar:na]
	at org.eclipse.m2e.core.internal.project.ProjectConfigurationManager.importProjects(ProjectConfigurationManager.java:136) [org.eclipse.m2e.core_1.6.2.20150902-0002.jar:na]
	at org.eclipse.m2e.core.ui.internal.wizards.ImportMavenProjectsJob$1.doCreateMavenProjects(ImportMavenProjectsJob.java:68) [org.eclipse.m2e.core.ui_1.6.2.20150902-0002.jar:na]
	at org.eclipse.m2e.core.ui.internal.wizards.AbstractCreateMavenProjectsOperation.run(AbstractCreateMavenProjectsOperation.java:62) [org.eclipse.m2e.core.ui_1.6.2.20150902-0002.jar:na]
	at org.eclipse.m2e.core.ui.internal.wizards.ImportMavenProjectsJob.runInWorkspace(ImportMavenProjectsJob.java:77) [org.eclipse.m2e.core.ui_1.6.2.20150902-0002.jar:na]
	at org.eclipse.core.internal.resources.InternalWorkspaceJob.run(InternalWorkspaceJob.java:39) [org.eclipse.core.resources_3.10.0.v20150423-0755.jar:na]
	at org.eclipse.core.internal.jobs.Worker.run(Worker.java:55) [org.eclipse.core.jobs_3.7.0.v20150330-2103.jar:na]
Caused by: org.eclipse.core.runtime.CoreException: One or more constraints have not been satisfied.
	at org.eclipse.wst.common.project.facet.core.internal.FacetedProject.modifyInternal(FacetedProject.java:363) ~[na:na]
	at org.eclipse.wst.common.project.facet.core.internal.FacetedProject.mergeChangesInternal(FacetedProject.java:1181) ~[na:na]
	at org.eclipse.wst.common.project.facet.core.internal.FacetedProject.access$2(FacetedProject.java:1117) ~[na:na]
	at org.eclipse.wst.common.project.facet.core.internal.FacetedProject$1.run(FacetedProject.java:324) ~[na:na]
	at org.eclipse.core.internal.resources.Workspace.run(Workspace.java:2241) ~[org.eclipse.core.resources_3.10.0.v20150423-0755.jar:na]
	at org.eclipse.wst.common.project.facet.core.internal.FacetedProject.modify(FacetedProject.java:339) ~[na:na]
	at org.eclipse.m2e.wtp.WebProjectConfiguratorDelegate.configure(WebProjectConfiguratorDelegate.java:133) ~[na:na]
	at org.eclipse.m2e.wtp.AbstractProjectConfiguratorDelegate.configureProject(AbstractProjectConfiguratorDelegate.java:94) ~[na:na]
	... 20 common frames omitted
2016-05-11 10:42:03,918 [Worker-4] WARN  o.e.m.c.i.embedder.EclipseLogger - The POM for com.alibaba:dubbo:jar:2.5.4 is missing, no dependency information available
2016-05-11 10:42:04,087 [Worker-4] WARN  o.e.m.c.i.embedder.EclipseLogger - The POM for com.dubbo.test:rmr-core:jar:0.0.1-SNAPSHOT is missing, no dependency information available
2016-05-11 10:42:04,172 [Worker-4] INFO  o.e.m.c.i.p.ProjectConfigurationManager - Imported and configured 1 project(s) in 17 sec
2016-05-11 10:42:05,147 [Worker-8] WARN  o.e.m.c.i.embedder.EclipseLogger - The POM for com.alibaba:dubbo:jar:2.5.4 is missing, no dependency information available
2016-05-11 10:42:05,309 [Worker-8] WARN  o.e.m.c.i.embedder.EclipseLogger - The POM for com.dubbo.test:rmr-core:jar:0.0.1-SNAPSHOT is missing, no dependency information available
2016-05-11 10:42:05,462 [Worker-8] WARN  o.e.m.c.i.embedder.EclipseLogger - Using platform encoding (GBK actually) to copy filtered resources, i.e. build is platform dependent!
2016-05-11 10:42:05,504 [Worker-8] INFO  o.e.m.c.i.embedder.EclipseLogger - Copying 2 resources
2016-05-11 10:42:05,513 [Worker-8] WARN  o.e.m.c.i.embedder.EclipseLogger - Using platform encoding (GBK actually) to copy filtered resources, i.e. build is platform dependent!
2016-05-11 10:42:05,514 [Worker-8] INFO  o.e.m.c.i.embedder.EclipseLogger - Copying 0 resource
2016-05-11 10:42:18,635 [Worker-0] INFO  o.e.m.c.i.l.LifecycleMappingFactory - Using org.maven.ide.eclipse.wtp.WarLifecycleMapping lifecycle mapping for MavenProject: com.dubbo.test:rmr-core:0.0.1-SNAPSHOT @ F:\dubbo_u\rmr-core\pom.xml.
2016-05-11 10:42:18,637 [Worker-0] WARN  o.e.m.c.i.embedder.EclipseLogger - The POM for com.alibaba:dubbo:jar:2.5.4 is missing, no dependency information available
2016-05-11 10:42:18,826 [Worker-0] INFO  o.e.m.c.i.l.LifecycleMappingFactory - Using org.maven.ide.eclipse.wtp.WarLifecycleMapping lifecycle mapping for MavenProject: com.ruixue:rmr-client:0.0.1 @ F:\dubbo_u\rmr-client\pom.xml.
2016-05-11 10:42:18,967 [Worker-0] WARN  o.e.m.c.i.embedder.EclipseLogger - The POM for com.alibaba:dubbo:jar:2.5.4 is missing, no dependency information available
2016-05-11 10:42:19,195 [Worker-0] WARN  o.e.m.c.i.embedder.EclipseLogger - The POM for com.alibaba:dubbo:jar:2.5.4 is missing, no dependency information available
2016-05-11 10:42:19,820 [Worker-0] INFO  o.e.m.j.i.AbstractJavaProjectConfigurator - Adding source folder /rmr-core/src/main/java
2016-05-11 10:42:19,820 [Worker-0] INFO  o.e.m.j.i.AbstractJavaProjectConfigurator - Adding resource folder /rmr-core/src/main/resources
2016-05-11 10:42:19,821 [Worker-0] INFO  o.e.m.j.i.AbstractJavaProjectConfigurator - Adding source folder /rmr-core/src/test/java
2016-05-11 10:42:19,821 [Worker-0] INFO  o.e.m.j.i.AbstractJavaProjectConfigurator - Adding resource folder /rmr-core/src/test/resources
2016-05-11 10:42:19,912 [Worker-0] ERROR o.e.m2e.wtp.WTPProjectConfigurator - Unable to configure rmr-core
org.eclipse.m2e.wtp.MarkedException: Unable to configure rmr-core
	at org.eclipse.m2e.wtp.AbstractProjectConfiguratorDelegate.configureProject(AbstractProjectConfiguratorDelegate.java:98) ~[na:na]
	at org.eclipse.m2e.wtp.WTPProjectConfigurator.configure(WTPProjectConfigurator.java:71) ~[na:na]
	at org.eclipse.m2e.core.project.configurator.AbstractLifecycleMapping.configure(AbstractLifecycleMapping.java:120) [org.eclipse.m2e.core_1.6.2.20150902-0002.jar:na]
	at org.eclipse.m2e.core.internal.project.ProjectConfigurationManager$3.call(ProjectConfigurationManager.java:501) [org.eclipse.m2e.core_1.6.2.20150902-0002.jar:na]
	at org.eclipse.m2e.core.internal.project.ProjectConfigurationManager$3.call(ProjectConfigurationManager.java:1) [org.eclipse.m2e.core_1.6.2.20150902-0002.jar:na]
	at org.eclipse.m2e.core.internal.embedder.MavenExecutionContext.executeBare(MavenExecutionContext.java:176) [org.eclipse.m2e.core_1.6.2.20150902-0002.jar:na]
	at org.eclipse.m2e.core.internal.embedder.MavenExecutionContext.execute(MavenExecutionContext.java:151) [org.eclipse.m2e.core_1.6.2.20150902-0002.jar:na]
	at org.eclipse.m2e.core.internal.project.ProjectConfigurationManager.updateProjectConfiguration(ProjectConfigurationManager.java:494) [org.eclipse.m2e.core_1.6.2.20150902-0002.jar:na]
	at org.eclipse.m2e.core.internal.project.ProjectConfigurationManager.configureNewMavenProjects(ProjectConfigurationManager.java:281) [org.eclipse.m2e.core_1.6.2.20150902-0002.jar:na]
	at org.eclipse.m2e.core.internal.project.ProjectConfigurationManager$1.call(ProjectConfigurationManager.java:168) [org.eclipse.m2e.core_1.6.2.20150902-0002.jar:na]
	at org.eclipse.m2e.core.internal.project.ProjectConfigurationManager$1.call(ProjectConfigurationManager.java:1) [org.eclipse.m2e.core_1.6.2.20150902-0002.jar:na]
	at org.eclipse.m2e.core.internal.embedder.MavenExecutionContext.executeBare(MavenExecutionContext.java:176) [org.eclipse.m2e.core_1.6.2.20150902-0002.jar:na]
	at org.eclipse.m2e.core.internal.embedder.MavenExecutionContext.execute(MavenExecutionContext.java:151) [org.eclipse.m2e.core_1.6.2.20150902-0002.jar:na]
	at org.eclipse.m2e.core.internal.embedder.MavenExecutionContext.execute(MavenExecutionContext.java:99) [org.eclipse.m2e.core_1.6.2.20150902-0002.jar:na]
	at org.eclipse.m2e.core.internal.embedder.MavenImpl.execute(MavenImpl.java:1355) [org.eclipse.m2e.core_1.6.2.20150902-0002.jar:na]
	at org.eclipse.m2e.core.internal.project.ProjectConfigurationManager.importProjects(ProjectConfigurationManager.java:136) [org.eclipse.m2e.core_1.6.2.20150902-0002.jar:na]
	at org.eclipse.m2e.core.ui.internal.wizards.ImportMavenProjectsJob$1.doCreateMavenProjects(ImportMavenProjectsJob.java:68) [org.eclipse.m2e.core.ui_1.6.2.20150902-0002.jar:na]
	at org.eclipse.m2e.core.ui.internal.wizards.AbstractCreateMavenProjectsOperation.run(AbstractCreateMavenProjectsOperation.java:62) [org.eclipse.m2e.core.ui_1.6.2.20150902-0002.jar:na]
	at org.eclipse.m2e.core.ui.internal.wizards.ImportMavenProjectsJob.runInWorkspace(ImportMavenProjectsJob.java:77) [org.eclipse.m2e.core.ui_1.6.2.20150902-0002.jar:na]
	at org.eclipse.core.internal.resources.InternalWorkspaceJob.run(InternalWorkspaceJob.java:39) [org.eclipse.core.resources_3.10.0.v20150423-0755.jar:na]
	at org.eclipse.core.internal.jobs.Worker.run(Worker.java:55) [org.eclipse.core.jobs_3.7.0.v20150330-2103.jar:na]
Caused by: org.eclipse.core.runtime.CoreException: One or more constraints have not been satisfied.
	at org.eclipse.wst.common.project.facet.core.internal.FacetedProject.modifyInternal(FacetedProject.java:363) ~[na:na]
	at org.eclipse.wst.common.project.facet.core.internal.FacetedProject.mergeChangesInternal(FacetedProject.java:1181) ~[na:na]
	at org.eclipse.wst.common.project.facet.core.internal.FacetedProject.access$2(FacetedProject.java:1117) ~[na:na]
	at org.eclipse.wst.common.project.facet.core.internal.FacetedProject$1.run(FacetedProject.java:324) ~[na:na]
	at org.eclipse.core.internal.resources.Workspace.run(Workspace.java:2241) ~[org.eclipse.core.resources_3.10.0.v20150423-0755.jar:na]
	at org.eclipse.wst.common.project.facet.core.internal.FacetedProject.modify(FacetedProject.java:339) ~[na:na]
	at org.eclipse.m2e.wtp.WebProjectConfiguratorDelegate.configure(WebProjectConfiguratorDelegate.java:133) ~[na:na]
	at org.eclipse.m2e.wtp.AbstractProjectConfiguratorDelegate.configureProject(AbstractProjectConfiguratorDelegate.java:94) ~[na:na]
	... 20 common frames omitted
2016-05-11 10:42:20,300 [Worker-0] WARN  o.e.m.c.i.embedder.EclipseLogger - The POM for com.alibaba:dubbo:jar:2.5.4 is missing, no dependency information available
2016-05-11 10:42:20,429 [Worker-0] INFO  o.e.m.c.i.p.ProjectConfigurationManager - Imported and configured 1 project(s) in 1 sec
2016-05-11 10:42:25,362 [Worker-13] WARN  o.e.m.c.i.embedder.EclipseLogger - The POM for com.alibaba:dubbo:jar:2.5.4 is missing, no dependency information available
2016-05-11 10:42:25,552 [Worker-13] WARN  o.e.m.c.i.embedder.EclipseLogger - Using platform encoding (GBK actually) to copy filtered resources, i.e. build is platform dependent!
2016-05-11 10:42:25,553 [Worker-13] INFO  o.e.m.c.i.embedder.EclipseLogger - Copying 2 resources
2016-05-11 10:42:25,555 [Worker-13] WARN  o.e.m.c.i.embedder.EclipseLogger - Using platform encoding (GBK actually) to copy filtered resources, i.e. build is platform dependent!
2016-05-11 10:42:25,555 [Worker-13] INFO  o.e.m.c.i.embedder.EclipseLogger - Copying 0 resource
2016-05-11 10:42:25,595 [Worker-13] WARN  o.e.m.c.i.embedder.EclipseLogger - The POM for com.alibaba:dubbo:jar:2.5.4 is missing, no dependency information available
2016-05-11 10:42:25,771 [Worker-13] WARN  o.e.m.c.i.embedder.EclipseLogger - Using platform encoding (GBK actually) to copy filtered resources, i.e. build is platform dependent!
2016-05-11 10:42:25,773 [Worker-13] INFO  o.e.m.c.i.embedder.EclipseLogger - Copying 0 resource
2016-05-11 10:42:25,774 [Worker-13] WARN  o.e.m.c.i.embedder.EclipseLogger - Using platform encoding (GBK actually) to copy filtered resources, i.e. build is platform dependent!
2016-05-11 10:42:25,774 [Worker-13] INFO  o.e.m.c.i.embedder.EclipseLogger - Copying 0 resource
2016-05-11 10:43:45,113 [Worker-6] INFO  o.e.m.c.i.l.LifecycleMappingFactory - Using org.maven.ide.eclipse.wtp.WarLifecycleMapping lifecycle mapping for MavenProject: com.dubbo.test:rmr-core:0.0.1-SNAPSHOT @ F:\dubbo_u\rmr-core\pom.xml.
2016-05-11 10:43:49,477 [Worker-6] INFO  o.e.m.c.i.e.AbstractTransferListenerAdapter - Downloaded http://172.20.2.224/nexus/content/groups/public/com/alibaba/dubbo/2.5.4/dubbo-2.5.4.pom
2016-05-11 10:43:49,478 [Worker-6] WARN  o.e.m.c.i.embedder.EclipseLogger - The POM for com.alibaba:dubbo:jar:2.5.4 is missing, no dependency information available
2016-05-11 10:43:50,511 [Worker-6] INFO  o.e.m.c.i.l.LifecycleMappingFactory - Using org.maven.ide.eclipse.wtp.WarLifecycleMapping lifecycle mapping for MavenProject: com.ruixue:rmr-client:0.0.1 @ F:\dubbo_u\rmr-client\pom.xml.
2016-05-11 10:43:50,794 [Worker-6] WARN  o.e.m.c.i.embedder.EclipseLogger - The POM for com.alibaba:dubbo:jar:2.5.4 is missing, no dependency information available
2016-05-11 10:43:51,847 [Worker-6] WARN  o.e.m.c.i.embedder.EclipseLogger - The POM for com.alibaba:dubbo:jar:2.5.4 is missing, no dependency information available
2016-05-11 10:43:53,183 [Worker-0] WARN  o.e.m.c.i.embedder.EclipseLogger - The POM for com.alibaba:dubbo:jar:2.5.4 is missing, no dependency information available
2016-05-11 10:43:53,890 [Worker-0] WARN  o.e.m.c.i.embedder.EclipseLogger - Using platform encoding (GBK actually) to copy filtered resources, i.e. build is platform dependent!
2016-05-11 10:43:53,917 [Worker-0] INFO  o.e.m.c.i.embedder.EclipseLogger - Copying 2 resources
2016-05-11 10:43:53,927 [Worker-0] WARN  o.e.m.c.i.embedder.EclipseLogger - Using platform encoding (GBK actually) to copy filtered resources, i.e. build is platform dependent!
2016-05-11 10:43:53,928 [Worker-0] INFO  o.e.m.c.i.embedder.EclipseLogger - Copying 0 resource
2016-05-11 10:43:54,026 [Worker-0] WARN  o.e.m.c.i.embedder.EclipseLogger - The POM for com.alibaba:dubbo:jar:2.5.4 is missing, no dependency information available
2016-05-11 10:43:54,135 [Worker-0] WARN  o.e.m.c.i.embedder.EclipseLogger - Using platform encoding (GBK actually) to copy filtered resources, i.e. build is platform dependent!
2016-05-11 10:43:54,136 [Worker-0] INFO  o.e.m.c.i.embedder.EclipseLogger - Copying 2 resources
2016-05-11 10:43:54,138 [Worker-0] WARN  o.e.m.c.i.embedder.EclipseLogger - Using platform encoding (GBK actually) to copy filtered resources, i.e. build is platform dependent!
2016-05-11 10:43:54,139 [Worker-0] INFO  o.e.m.c.i.embedder.EclipseLogger - Copying 0 resource
2016-05-11 10:44:58,952 [Worker-8] WARN  o.e.m.c.i.embedder.EclipseLogger - Using platform encoding (GBK actually) to copy filtered resources, i.e. build is platform dependent!
2016-05-11 10:44:58,953 [Worker-8] INFO  o.e.m.c.i.embedder.EclipseLogger - Copying 2 resources
2016-05-11 10:44:58,956 [Worker-8] WARN  o.e.m.c.i.embedder.EclipseLogger - Using platform encoding (GBK actually) to copy filtered resources, i.e. build is platform dependent!
2016-05-11 10:44:58,956 [Worker-8] INFO  o.e.m.c.i.embedder.EclipseLogger - Copying 0 resource
2016-05-11 10:44:59,043 [Worker-8] WARN  o.e.m.c.i.embedder.EclipseLogger - Using platform encoding (GBK actually) to copy filtered resources, i.e. build is platform dependent!
2016-05-11 10:44:59,043 [Worker-8] INFO  o.e.m.c.i.embedder.EclipseLogger - Copying 2 resources
2016-05-11 10:44:59,046 [Worker-8] WARN  o.e.m.c.i.embedder.EclipseLogger - Using platform encoding (GBK actually) to copy filtered resources, i.e. build is platform dependent!
2016-05-11 10:44:59,046 [Worker-8] INFO  o.e.m.c.i.embedder.EclipseLogger - Copying 0 resource
2016-05-11 10:45:04,839 [Worker-18] INFO  o.e.m.w.i.f.ResourceFilteringBuildParticipant - Cleaning filtered folder for rmr-client
2016-05-11 10:45:04,860 [Worker-18] INFO  o.e.m.w.i.f.ResourceFilteringBuildParticipant - Cleaning filtered folder for rmr-core
2016-05-11 10:45:05,189 [Worker-1] WARN  o.e.m.c.i.embedder.EclipseLogger - Using platform encoding (GBK actually) to copy filtered resources, i.e. build is platform dependent!
2016-05-11 10:45:05,190 [Worker-1] INFO  o.e.m.c.i.embedder.EclipseLogger - Copying 2 resources
2016-05-11 10:45:05,193 [Worker-1] WARN  o.e.m.c.i.embedder.EclipseLogger - Using platform encoding (GBK actually) to copy filtered resources, i.e. build is platform dependent!
2016-05-11 10:45:05,194 [Worker-1] INFO  o.e.m.c.i.embedder.EclipseLogger - Copying 0 resource
2016-05-11 10:45:05,194 [Worker-1] INFO  o.e.m.w.i.f.ResourceFilteringBuildParticipant - Changed resources require a complete clean of filtered resources of rmr-core
2016-05-11 10:45:05,217 [Worker-1] INFO  o.e.m.w.i.f.ResourceFilteringBuildParticipant - Executing resource filtering for rmr-core
2016-05-11 10:45:05,227 [Worker-1] WARN  o.e.m.c.i.embedder.EclipseLogger - Using platform encoding (GBK actually) to copy filtered resources, i.e. build is platform dependent!
2016-05-11 10:45:05,292 [Worker-1] WARN  o.e.m.c.i.embedder.EclipseLogger - Using platform encoding (GBK actually) to copy filtered resources, i.e. build is platform dependent!
2016-05-11 10:45:05,293 [Worker-1] INFO  o.e.m.c.i.embedder.EclipseLogger - Copying 2 resources
2016-05-11 10:45:05,296 [Worker-1] WARN  o.e.m.c.i.embedder.EclipseLogger - Using platform encoding (GBK actually) to copy filtered resources, i.e. build is platform dependent!
2016-05-11 10:45:05,297 [Worker-1] INFO  o.e.m.c.i.embedder.EclipseLogger - Copying 0 resource
2016-05-11 10:45:05,298 [Worker-1] INFO  o.e.m.w.i.f.ResourceFilteringBuildParticipant - Changed resources require a complete clean of filtered resources of rmr-client
2016-05-11 10:45:05,298 [Worker-1] INFO  o.e.m.w.i.f.ResourceFilteringBuildParticipant - Executing resource filtering for rmr-client
2016-05-11 10:45:05,302 [Worker-1] WARN  o.e.m.c.i.embedder.EclipseLogger - Using platform encoding (GBK actually) to copy filtered resources, i.e. build is platform dependent!
2016-05-11 10:45:41,958 [Worker-12] WARN  o.e.m.c.i.embedder.EclipseLogger - Using platform encoding (GBK actually) to copy filtered resources, i.e. build is platform dependent!
2016-05-11 10:45:41,959 [Worker-12] INFO  o.e.m.c.i.embedder.EclipseLogger - Copying 2 resources
2016-05-11 10:45:41,963 [Worker-12] WARN  o.e.m.c.i.embedder.EclipseLogger - Using platform encoding (GBK actually) to copy filtered resources, i.e. build is platform dependent!
2016-05-11 10:45:41,964 [Worker-12] INFO  o.e.m.c.i.embedder.EclipseLogger - Copying 0 resource
2016-05-11 10:45:42,183 [Worker-0] WARN  o.e.m.c.i.embedder.EclipseLogger - Using platform encoding (GBK actually) to copy filtered resources, i.e. build is platform dependent!
2016-05-11 10:45:42,184 [Worker-0] INFO  o.e.m.c.i.embedder.EclipseLogger - Copying 2 resources
2016-05-11 10:45:42,186 [Worker-0] WARN  o.e.m.c.i.embedder.EclipseLogger - Using platform encoding (GBK actually) to copy filtered resources, i.e. build is platform dependent!
2016-05-11 10:45:42,187 [Worker-0] INFO  o.e.m.c.i.embedder.EclipseLogger - Copying 0 resource
2016-05-11 10:46:06,469 [Worker-17] WARN  o.e.m.c.i.embedder.EclipseLogger - Using platform encoding (GBK actually) to copy filtered resources, i.e. build is platform dependent!
2016-05-11 10:46:06,482 [Worker-17] INFO  o.e.m.c.i.embedder.EclipseLogger - Copying 2 resources
2016-05-11 10:46:06,485 [Worker-17] WARN  o.e.m.c.i.embedder.EclipseLogger - Using platform encoding (GBK actually) to copy filtered resources, i.e. build is platform dependent!
2016-05-11 10:46:06,486 [Worker-17] INFO  o.e.m.c.i.embedder.EclipseLogger - Copying 0 resource
2016-05-11 10:46:06,507 [Worker-17] WARN  o.e.m.c.i.embedder.EclipseLogger - Using platform encoding (GBK actually) to copy filtered resources, i.e. build is platform dependent!
2016-05-11 10:46:06,508 [Worker-17] INFO  o.e.m.c.i.embedder.EclipseLogger - Copying 0 resource
2016-05-11 10:46:06,509 [Worker-17] WARN  o.e.m.c.i.embedder.EclipseLogger - Using platform encoding (GBK actually) to copy filtered resources, i.e. build is platform dependent!
2016-05-11 10:46:06,509 [Worker-17] INFO  o.e.m.c.i.embedder.EclipseLogger - Copying 0 resource
2016-05-11 10:46:13,691 [Worker-12] INFO  o.e.m.w.i.f.ResourceFilteringBuildParticipant - Cleaning filtered folder for rmr-client
2016-05-11 10:46:13,710 [Worker-12] INFO  o.e.m.w.i.f.ResourceFilteringBuildParticipant - Cleaning filtered folder for rmr-core
2016-05-11 10:46:13,935 [Worker-10] WARN  o.e.m.c.i.embedder.EclipseLogger - Using platform encoding (GBK actually) to copy filtered resources, i.e. build is platform dependent!
2016-05-11 10:46:13,935 [Worker-10] INFO  o.e.m.c.i.embedder.EclipseLogger - Copying 2 resources
2016-05-11 10:46:13,937 [Worker-10] WARN  o.e.m.c.i.embedder.EclipseLogger - Using platform encoding (GBK actually) to copy filtered resources, i.e. build is platform dependent!
2016-05-11 10:46:13,938 [Worker-10] INFO  o.e.m.c.i.embedder.EclipseLogger - Copying 0 resource
2016-05-11 10:46:13,938 [Worker-10] INFO  o.e.m.w.i.f.ResourceFilteringBuildParticipant - Changed resources require a complete clean of filtered resources of rmr-core
2016-05-11 10:46:13,938 [Worker-10] INFO  o.e.m.w.i.f.ResourceFilteringBuildParticipant - Executing resource filtering for rmr-core
2016-05-11 10:46:13,978 [Worker-10] WARN  o.e.m.c.i.embedder.EclipseLogger - Using platform encoding (GBK actually) to copy filtered resources, i.e. build is platform dependent!
2016-05-11 10:46:14,194 [Worker-10] WARN  o.e.m.c.i.embedder.EclipseLogger - Using platform encoding (GBK actually) to copy filtered resources, i.e. build is platform dependent!
2016-05-11 10:46:14,195 [Worker-10] INFO  o.e.m.c.i.embedder.EclipseLogger - Copying 2 resources
2016-05-11 10:46:14,198 [Worker-10] WARN  o.e.m.c.i.embedder.EclipseLogger - Using platform encoding (GBK actually) to copy filtered resources, i.e. build is platform dependent!
2016-05-11 10:46:14,198 [Worker-10] INFO  o.e.m.c.i.embedder.EclipseLogger - Copying 0 resource
2016-05-11 10:46:14,198 [Worker-10] INFO  o.e.m.w.i.f.ResourceFilteringBuildParticipant - Changed resources require a complete clean of filtered resources of rmr-client
2016-05-11 10:46:14,198 [Worker-10] INFO  o.e.m.w.i.f.ResourceFilteringBuildParticipant - Executing resource filtering for rmr-client
2016-05-11 10:46:14,202 [Worker-10] WARN  o.e.m.c.i.embedder.EclipseLogger - Using platform encoding (GBK actually) to copy filtered resources, i.e. build is platform dependent!
2016-05-11 10:49:52,300 [Worker-15] WARN  o.e.m.c.i.embedder.EclipseLogger - Using platform encoding (GBK actually) to copy filtered resources, i.e. build is platform dependent!
2016-05-11 10:49:52,313 [Worker-15] INFO  o.e.m.c.i.embedder.EclipseLogger - Copying 2 resources
2016-05-11 10:49:52,316 [Worker-15] WARN  o.e.m.c.i.embedder.EclipseLogger - Using platform encoding (GBK actually) to copy filtered resources, i.e. build is platform dependent!
2016-05-11 10:49:52,317 [Worker-15] INFO  o.e.m.c.i.embedder.EclipseLogger - Copying 0 resource
2016-05-11 10:50:06,186 [Worker-7] WARN  o.e.m.c.i.embedder.EclipseLogger - Using platform encoding (GBK actually) to copy filtered resources, i.e. build is platform dependent!
2016-05-11 10:50:06,187 [Worker-7] INFO  o.e.m.c.i.embedder.EclipseLogger - Copying 2 resources
2016-05-11 10:50:06,189 [Worker-7] WARN  o.e.m.c.i.embedder.EclipseLogger - Using platform encoding (GBK actually) to copy filtered resources, i.e. build is platform dependent!
2016-05-11 10:50:06,190 [Worker-7] INFO  o.e.m.c.i.embedder.EclipseLogger - Copying 0 resource
2016-05-11 10:52:31,976 [Worker-15] WARN  o.e.m.c.i.embedder.EclipseLogger - Using platform encoding (GBK actually) to copy filtered resources, i.e. build is platform dependent!
2016-05-11 10:52:31,989 [Worker-15] INFO  o.e.m.c.i.embedder.EclipseLogger - Copying 0 resource
2016-05-11 10:52:31,990 [Worker-15] WARN  o.e.m.c.i.embedder.EclipseLogger - Using platform encoding (GBK actually) to copy filtered resources, i.e. build is platform dependent!
2016-05-11 10:52:31,991 [Worker-15] INFO  o.e.m.c.i.embedder.EclipseLogger - Copying 0 resource
2016-05-11 10:52:52,194 [Worker-6] WARN  o.e.m.c.i.embedder.EclipseLogger - Using platform encoding (GBK actually) to copy filtered resources, i.e. build is platform dependent!
2016-05-11 10:52:52,195 [Worker-6] INFO  o.e.m.c.i.embedder.EclipseLogger - Copying 2 resources
2016-05-11 10:52:52,198 [Worker-6] WARN  o.e.m.c.i.embedder.EclipseLogger - Using platform encoding (GBK actually) to copy filtered resources, i.e. build is platform dependent!
2016-05-11 10:52:52,198 [Worker-6] INFO  o.e.m.c.i.embedder.EclipseLogger - Copying 0 resource
2016-05-11 10:52:53,315 [Worker-6] WARN  o.e.m.c.i.embedder.EclipseLogger - Using platform encoding (GBK actually) to copy filtered resources, i.e. build is platform dependent!
2016-05-11 10:52:53,316 [Worker-6] INFO  o.e.m.c.i.embedder.EclipseLogger - Copying 0 resource
2016-05-11 10:52:53,318 [Worker-6] WARN  o.e.m.c.i.embedder.EclipseLogger - Using platform encoding (GBK actually) to copy filtered resources, i.e. build is platform dependent!
2016-05-11 10:52:53,318 [Worker-6] INFO  o.e.m.c.i.embedder.EclipseLogger - Copying 0 resource
2016-05-11 10:53:01,695 [Worker-7] WARN  o.e.m.c.i.embedder.EclipseLogger - Using platform encoding (GBK actually) to copy filtered resources, i.e. build is platform dependent!
2016-05-11 10:53:01,696 [Worker-7] INFO  o.e.m.c.i.embedder.EclipseLogger - Copying 2 resources
2016-05-11 10:53:01,697 [Worker-7] WARN  o.e.m.c.i.embedder.EclipseLogger - Using platform encoding (GBK actually) to copy filtered resources, i.e. build is platform dependent!
2016-05-11 10:53:01,698 [Worker-7] INFO  o.e.m.c.i.embedder.EclipseLogger - Copying 0 resource
2016-05-11 10:56:56,190 [Worker-0] WARN  o.e.m.c.i.embedder.EclipseLogger - The POM for com.alibaba:dubbo:jar:2.5.4 is missing, no dependency information available
2016-05-11 10:57:04,854 [Worker-0] WARN  o.e.m.c.i.embedder.EclipseLogger - Using platform encoding (GBK actually) to copy filtered resources, i.e. build is platform dependent!
2016-05-11 10:57:04,879 [Worker-0] INFO  o.e.m.c.i.embedder.EclipseLogger - Copying 2 resources
2016-05-11 10:57:04,889 [Worker-0] WARN  o.e.m.c.i.embedder.EclipseLogger - Using platform encoding (GBK actually) to copy filtered resources, i.e. build is platform dependent!
2016-05-11 10:57:04,889 [Worker-0] INFO  o.e.m.c.i.embedder.EclipseLogger - Copying 0 resource
2016-05-11 10:57:58,111 [Worker-3] WARN  o.e.m.c.i.embedder.EclipseLogger - The POM for com.alibaba:dubbo:jar:2.5.4 is missing, no dependency information available
2016-05-11 10:57:58,359 [Worker-3] INFO  o.e.m.w.i.f.ResourceFilteringBuildParticipant - Cleaning filtered folder for rmr-client
2016-05-11 10:57:58,382 [Worker-3] INFO  o.e.m.w.i.f.ResourceFilteringBuildParticipant - Cleaning filtered folder for rmr-core
2016-05-11 10:57:59,325 [Worker-12] WARN  o.e.m.c.i.embedder.EclipseLogger - Using platform encoding (GBK actually) to copy filtered resources, i.e. build is platform dependent!
2016-05-11 10:57:59,326 [Worker-12] INFO  o.e.m.c.i.embedder.EclipseLogger - Copying 2 resources
2016-05-11 10:57:59,330 [Worker-12] WARN  o.e.m.c.i.embedder.EclipseLogger - Using platform encoding (GBK actually) to copy filtered resources, i.e. build is platform dependent!
2016-05-11 10:57:59,331 [Worker-12] INFO  o.e.m.c.i.embedder.EclipseLogger - Copying 0 resource
2016-05-11 10:57:59,331 [Worker-12] INFO  o.e.m.w.i.f.ResourceFilteringBuildParticipant - Changed resources require a complete clean of filtered resources of rmr-core
2016-05-11 10:57:59,342 [Worker-12] INFO  o.e.m.w.i.f.ResourceFilteringBuildParticipant - Executing resource filtering for rmr-core
2016-05-11 10:57:59,440 [Worker-12] WARN  o.e.m.c.i.embedder.EclipseLogger - Using platform encoding (GBK actually) to copy filtered resources, i.e. build is platform dependent!
2016-05-11 10:57:59,684 [Worker-12] WARN  o.e.m.c.i.embedder.EclipseLogger - Using platform encoding (GBK actually) to copy filtered resources, i.e. build is platform dependent!
2016-05-11 10:57:59,685 [Worker-12] INFO  o.e.m.c.i.embedder.EclipseLogger - Copying 2 resources
2016-05-11 10:57:59,701 [Worker-12] WARN  o.e.m.c.i.embedder.EclipseLogger - Using platform encoding (GBK actually) to copy filtered resources, i.e. build is platform dependent!
2016-05-11 10:57:59,701 [Worker-12] INFO  o.e.m.c.i.embedder.EclipseLogger - Copying 0 resource
2016-05-11 10:57:59,702 [Worker-12] INFO  o.e.m.w.i.f.ResourceFilteringBuildParticipant - Changed resources require a complete clean of filtered resources of rmr-client
2016-05-11 10:57:59,702 [Worker-12] INFO  o.e.m.w.i.f.ResourceFilteringBuildParticipant - Executing resource filtering for rmr-client
2016-05-11 10:57:59,707 [Worker-12] WARN  o.e.m.c.i.embedder.EclipseLogger - Using platform encoding (GBK actually) to copy filtered resources, i.e. build is platform dependent!
